<?xml version="1.0" encoding="UTF-8"?>
<!-- Generated by org.testng.reporters.JUnitXMLReporter -->
<testsuite ignored="0" hostname="DESKTOP-1P62PCE" failures="0" tests="4" name="Default test" time="17.544" errors="0" timestamp="2022-01-12T15:05:19 IST">
  <testcase classname="datadriven.datadrivenwithtestng" name="registration" time="9.789"/>
  <testcase classname="datadriven.datadrivenwithtestng" name="registration" time="2.058"/>
  <testcase classname="datadriven.datadrivenwithtestng" name="registration" time="2.794"/>
  <testcase classname="datadriven.datadrivenwithtestng" name="registration" time="2.535"/>
</testsuite> <!-- Default test -->
