<?xml version="1.0" encoding="UTF-8"?>
<testng-results ignored="0" total="4" passed="4" failed="0" skipped="0">
  <reporter-output>
  </reporter-output>
  <suite started-at="2022-01-12T15:05:01 IST" name="Default suite" finished-at="2022-01-12T15:05:19 IST" duration-ms="17544">
    <groups>
    </groups>
    <test started-at="2022-01-12T15:05:01 IST" name="Default test" finished-at="2022-01-12T15:05:19 IST" duration-ms="17544">
      <class name="datadriven.datadrivenwithtestng">
        <test-method is-config="true" signature="testsetup()[pri:0, instance:datadriven.datadrivenwithtestng@2e3967ea]" started-at="2022-01-12T15:04:58 IST" name="testsetup" finished-at="2022-01-12T15:05:01 IST" duration-ms="3234" status="PASS">
          <reporter-output>
          </reporter-output>
        </test-method> <!-- testsetup -->
        <test-method signature="registration(java.lang.String,java.lang.String)[pri:0, instance:datadriven.datadrivenwithtestng@2e3967ea]" started-at="2022-01-12T15:05:02 IST" name="registration" data-provider="logindata" finished-at="2022-01-12T15:05:11 IST" duration-ms="9789" status="PASS">
          <params>
            <param index="0">
              <value>
                <![CDATA[clinton97@gmail.com]]>
              </value>
            </param>
            <param index="1">
              <value>
                <![CDATA[123456]]>
              </value>
            </param>
          </params>
          <reporter-output>
          </reporter-output>
        </test-method> <!-- registration -->
        <test-method signature="registration(java.lang.String,java.lang.String)[pri:0, instance:datadriven.datadrivenwithtestng@2e3967ea]" started-at="2022-01-12T15:05:11 IST" name="registration" data-provider="logindata" finished-at="2022-01-12T15:05:13 IST" duration-ms="2058" status="PASS">
          <params>
            <param index="0">
              <value>
                <![CDATA[suriya@gmail.com]]>
              </value>
            </param>
            <param index="1">
              <value>
                <![CDATA[78946]]>
              </value>
            </param>
          </params>
          <reporter-output>
          </reporter-output>
        </test-method> <!-- registration -->
        <test-method signature="registration(java.lang.String,java.lang.String)[pri:0, instance:datadriven.datadrivenwithtestng@2e3967ea]" started-at="2022-01-12T15:05:13 IST" name="registration" data-provider="logindata" finished-at="2022-01-12T15:05:16 IST" duration-ms="2794" status="PASS">
          <params>
            <param index="0">
              <value>
                <![CDATA[vasanth@gmail.com]]>
              </value>
            </param>
            <param index="1">
              <value>
                <![CDATA[258963]]>
              </value>
            </param>
          </params>
          <reporter-output>
          </reporter-output>
        </test-method> <!-- registration -->
        <test-method signature="registration(java.lang.String,java.lang.String)[pri:0, instance:datadriven.datadrivenwithtestng@2e3967ea]" started-at="2022-01-12T15:05:16 IST" name="registration" data-provider="logindata" finished-at="2022-01-12T15:05:19 IST" duration-ms="2535" status="PASS">
          <params>
            <param index="0">
              <value>
                <![CDATA[suresh@gmail.com]]>
              </value>
            </param>
            <param index="1">
              <value>
                <![CDATA[796321]]>
              </value>
            </param>
          </params>
          <reporter-output>
          </reporter-output>
        </test-method> <!-- registration -->
      </class> <!-- datadriven.datadrivenwithtestng -->
    </test> <!-- Default test -->
  </suite> <!-- Default suite -->
</testng-results>
