<?xml version="1.0" encoding="UTF-8"?>
<testng-results ignored="0" total="1" passed="1" failed="0" skipped="0">
  <reporter-output>
  </reporter-output>
  <suite started-at="2022-01-10T20:01:39 IST" name="Default suite" finished-at="2022-01-10T20:01:45 IST" duration-ms="6939">
    <groups>
    </groups>
    <test started-at="2022-01-10T20:01:39 IST" name="Default test" finished-at="2022-01-10T20:01:45 IST" duration-ms="6939">
      <class name="pagescroll">
        <test-method is-config="true" signature="setup()[pri:0, instance:pagescroll@593aaf41]" started-at="2022-01-10T20:01:39 IST" name="setup" finished-at="2022-01-10T20:01:45 IST" duration-ms="6776" status="PASS">
          <reporter-output>
          </reporter-output>
        </test-method> <!-- setup -->
        <test-method signature="scrollbasedonpixel()[pri:0, instance:pagescroll@593aaf41]" started-at="2022-01-10T20:01:45 IST" name="scrollbasedonpixel" finished-at="2022-01-10T20:01:45 IST" duration-ms="83" status="PASS">
          <reporter-output>
          </reporter-output>
        </test-method> <!-- scrollbasedonpixel -->
      </class> <!-- pagescroll -->
    </test> <!-- Default test -->
  </suite> <!-- Default suite -->
</testng-results>
