<?xml version="1.0" encoding="UTF-8"?>
<!-- Generated by org.testng.reporters.JUnitXMLReporter -->
<testsuite ignored="0" hostname="DESKTOP-1P62PCE" failures="0" tests="3" name="Default test" time="0.091" errors="0" timestamp="2022-01-09T20:23:34 IST">
  <testcase classname="TestngAnnotation.TestngAnnotations" name="method" time="0.036"/>
  <testcase classname="TestngAnnotation.TestngAnnotations" name="method2" time="0.001"/>
  <testcase classname="TestngAnnotation.TestngAnnotations" name="method3" time="0.002"/>
</testsuite> <!-- Default test -->
