<?xml version="1.0" encoding="UTF-8"?>
<testng-results ignored="0" total="3" passed="3" failed="0" skipped="0">
  <reporter-output>
  </reporter-output>
  <suite started-at="2022-01-09T20:23:34 IST" name="Default suite" finished-at="2022-01-09T20:23:34 IST" duration-ms="91">
    <groups>
    </groups>
    <test started-at="2022-01-09T20:23:34 IST" name="Default test" finished-at="2022-01-09T20:23:34 IST" duration-ms="91">
      <class name="TestngAnnotation.TestngAnnotations">
        <test-method is-config="true" signature="beforesuite()[pri:0, instance:TestngAnnotation.TestngAnnotations@2b48a640]" started-at="2022-01-09T20:23:34 IST" name="beforesuite" finished-at="2022-01-09T20:23:34 IST" duration-ms="8" status="PASS">
          <reporter-output>
          </reporter-output>
        </test-method> <!-- beforesuite -->
        <test-method is-config="true" signature="beforetest()[pri:0, instance:TestngAnnotation.TestngAnnotations@2b48a640]" started-at="2022-01-09T20:23:34 IST" name="beforetest" finished-at="2022-01-09T20:23:34 IST" duration-ms="1" status="PASS">
          <reporter-output>
          </reporter-output>
        </test-method> <!-- beforetest -->
        <test-method is-config="true" signature="beforeclass()[pri:0, instance:TestngAnnotation.TestngAnnotations@2b48a640]" started-at="2022-01-09T20:23:34 IST" name="beforeclass" finished-at="2022-01-09T20:23:34 IST" duration-ms="0" status="PASS">
          <reporter-output>
          </reporter-output>
        </test-method> <!-- beforeclass -->
        <test-method is-config="true" signature="beforemethod()[pri:0, instance:TestngAnnotation.TestngAnnotations@2b48a640]" started-at="2022-01-09T20:23:34 IST" name="beforemethod" finished-at="2022-01-09T20:23:34 IST" duration-ms="0" status="PASS">
          <reporter-output>
          </reporter-output>
        </test-method> <!-- beforemethod -->
        <test-method signature="method()[pri:0, instance:TestngAnnotation.TestngAnnotations@2b48a640]" started-at="2022-01-09T20:23:34 IST" name="method" finished-at="2022-01-09T20:23:34 IST" duration-ms="36" status="PASS">
          <reporter-output>
          </reporter-output>
        </test-method> <!-- method -->
        <test-method is-config="true" signature="aftermethod()[pri:0, instance:TestngAnnotation.TestngAnnotations@2b48a640]" started-at="2022-01-09T20:23:34 IST" name="aftermethod" finished-at="2022-01-09T20:23:34 IST" duration-ms="0" status="PASS">
          <reporter-output>
          </reporter-output>
        </test-method> <!-- aftermethod -->
        <test-method is-config="true" signature="beforemethod()[pri:0, instance:TestngAnnotation.TestngAnnotations@2b48a640]" started-at="2022-01-09T20:23:34 IST" name="beforemethod" finished-at="2022-01-09T20:23:34 IST" duration-ms="1" status="PASS">
          <reporter-output>
          </reporter-output>
        </test-method> <!-- beforemethod -->
        <test-method signature="method2()[pri:0, instance:TestngAnnotation.TestngAnnotations@2b48a640]" started-at="2022-01-09T20:23:34 IST" name="method2" finished-at="2022-01-09T20:23:34 IST" duration-ms="1" status="PASS">
          <reporter-output>
          </reporter-output>
        </test-method> <!-- method2 -->
        <test-method is-config="true" signature="aftermethod()[pri:0, instance:TestngAnnotation.TestngAnnotations@2b48a640]" started-at="2022-01-09T20:23:34 IST" name="aftermethod" finished-at="2022-01-09T20:23:34 IST" duration-ms="1" status="PASS">
          <reporter-output>
          </reporter-output>
        </test-method> <!-- aftermethod -->
        <test-method signature="method3()[pri:0, instance:TestngAnnotation.TestngAnnotations@2b48a640]" started-at="2022-01-09T20:23:34 IST" name="method3" finished-at="2022-01-09T20:23:34 IST" duration-ms="2" status="PASS">
          <reporter-output>
          </reporter-output>
        </test-method> <!-- method3 -->
        <test-method is-config="true" signature="beforemethod()[pri:0, instance:TestngAnnotation.TestngAnnotations@2b48a640]" started-at="2022-01-09T20:23:34 IST" name="beforemethod" finished-at="2022-01-09T20:23:34 IST" duration-ms="0" status="PASS">
          <reporter-output>
          </reporter-output>
        </test-method> <!-- beforemethod -->
        <test-method is-config="true" signature="aftermethod()[pri:0, instance:TestngAnnotation.TestngAnnotations@2b48a640]" started-at="2022-01-09T20:23:34 IST" name="aftermethod" finished-at="2022-01-09T20:23:34 IST" duration-ms="1" status="PASS">
          <reporter-output>
          </reporter-output>
        </test-method> <!-- aftermethod -->
        <test-method is-config="true" signature="afterclass()[pri:0, instance:TestngAnnotation.TestngAnnotations@2b48a640]" started-at="2022-01-09T20:23:34 IST" name="afterclass" finished-at="2022-01-09T20:23:34 IST" duration-ms="1" status="PASS">
          <reporter-output>
          </reporter-output>
        </test-method> <!-- afterclass -->
        <test-method is-config="true" signature="aftertest()[pri:0, instance:TestngAnnotation.TestngAnnotations@2b48a640]" started-at="2022-01-09T20:23:34 IST" name="aftertest" finished-at="2022-01-09T20:23:34 IST" duration-ms="1" status="PASS">
          <reporter-output>
          </reporter-output>
        </test-method> <!-- aftertest -->
        <test-method is-config="true" signature="aftersuite()[pri:0, instance:TestngAnnotation.TestngAnnotations@2b48a640]" started-at="2022-01-09T20:23:34 IST" name="aftersuite" finished-at="2022-01-09T20:23:34 IST" duration-ms="1" status="PASS">
          <reporter-output>
          </reporter-output>
        </test-method> <!-- aftersuite -->
      </class> <!-- TestngAnnotation.TestngAnnotations -->
    </test> <!-- Default test -->
  </suite> <!-- Default suite -->
</testng-results>
